Thu Aug 26 2021 12:40:10 GMT-0500 (Peru Standard Time)|backend_node|error|Error Connect Database SequelizeConnectionError: (conn=25, no: 1049, SQLState: 42000) Unknown database 'ansible'
Thu Aug 26 2021 16:15:41 GMT-0500 (Peru Standard Time)|backend_node|info|Success Authentication ORM sequelize
Thu Aug 26 2021 16:15:41 GMT-0500 (Peru Standard Time)|backend_node|info|Success Sync ORM Sequelize
Thu Aug 26 2021 16:30:11 GMT-0500 (Peru Standard Time)|backend_node|info|Success Authentication ORM sequelize
Thu Aug 26 2021 16:30:11 GMT-0500 (Peru Standard Time)|backend_node|info|Success Sync ORM Sequelize
Thu Aug 26 2021 16:40:43 GMT-0500 (Peru Standard Time)|backend_node|info|Success Authentication ORM sequelize
Thu Aug 26 2021 16:40:43 GMT-0500 (Peru Standard Time)|backend_node|info|Success Sync ORM Sequelize
Thu Aug 26 2021 18:34:14 GMT-0500 (Peru Standard Time)|backend_node|info|Success Authentication ORM sequelize
Thu Aug 26 2021 18:34:14 GMT-0500 (Peru Standard Time)|backend_node|info|Success Sync ORM Sequelize
Thu Aug 26 2021 18:41:25 GMT-0500 (Peru Standard Time)|backend_node|info|Success Authentication ORM sequelize
Thu Aug 26 2021 18:41:25 GMT-0500 (Peru Standard Time)|backend_node|info|Success Sync ORM Sequelize
Thu Aug 26 2021 18:41:28 GMT-0500 (Peru Standard Time)|backend_node|error|Error Authentication TokenExpiredError: jwt expired
Fri Aug 27 2021 09:33:45 GMT-0500 (Peru Standard Time)|backend_node|info|Success Authentication ORM sequelize
Fri Aug 27 2021 09:33:45 GMT-0500 (Peru Standard Time)|backend_node|info|Success Sync ORM Sequelize
Fri Aug 27 2021 09:37:39 GMT-0500 (Peru Standard Time)|backend_node|info|Success Authentication ORM sequelize
Fri Aug 27 2021 09:37:39 GMT-0500 (Peru Standard Time)|backend_node|info|Success Sync ORM Sequelize
Fri Aug 27 2021 09:38:50 GMT-0500 (Peru Standard Time)|backend_node|info|Success Authentication ORM sequelize
Fri Aug 27 2021 09:38:50 GMT-0500 (Peru Standard Time)|backend_node|info|Success Sync ORM Sequelize
Fri Aug 27 2021 09:38:54 GMT-0500 (Peru Standard Time)|backend_node|error|"username" is required
Fri Aug 27 2021 09:41:06 GMT-0500 (Peru Standard Time)|backend_node|info|Success Authentication ORM sequelize
Fri Aug 27 2021 09:41:06 GMT-0500 (Peru Standard Time)|backend_node|info|Success Sync ORM Sequelize
Fri Aug 27 2021 09:41:11 GMT-0500 (Peru Standard Time)|backend_node|error|Error validate SchemaUser "username" is required
Fri Aug 27 2021 09:55:34 GMT-0500 (Peru Standard Time)|backend_node|info|Success Authentication ORM sequelize
Fri Aug 27 2021 09:55:34 GMT-0500 (Peru Standard Time)|backend_node|info|Success Sync ORM Sequelize
Fri Aug 27 2021 10:05:15 GMT-0500 (Peru Standard Time)|backend_node|info|Success Authentication ORM sequelize
Fri Aug 27 2021 10:05:15 GMT-0500 (Peru Standard Time)|backend_node|info|Success Sync ORM Sequelize
Fri Aug 27 2021 10:05:16 GMT-0500 (Peru Standard Time)|backend_node|error|Error validate SchemaUser "username" is required
Fri Aug 27 2021 10:11:39 GMT-0500 (Peru Standard Time)|backend_node|info|Success Authentication ORM sequelize
Fri Aug 27 2021 10:11:39 GMT-0500 (Peru Standard Time)|backend_node|info|Success Sync ORM Sequelize
Fri Aug 27 2021 10:11:55 GMT-0500 (Peru Standard Time)|backend_node|error|Error validate SchemaUser "username" length must be less than or equal to 10 characters long
Fri Aug 27 2021 10:12:26 GMT-0500 (Peru Standard Time)|backend_node|info|Success Authentication ORM sequelize
Fri Aug 27 2021 10:12:26 GMT-0500 (Peru Standard Time)|backend_node|info|Success Sync ORM Sequelize
Fri Aug 27 2021 10:13:45 GMT-0500 (Peru Standard Time)|backend_node|info|Success Authentication ORM sequelize
Fri Aug 27 2021 10:13:45 GMT-0500 (Peru Standard Time)|backend_node|info|Success Sync ORM Sequelize
Fri Aug 27 2021 10:24:39 GMT-0500 (Peru Standard Time)|backend_node|info|Success Authentication ORM sequelize
Fri Aug 27 2021 10:24:39 GMT-0500 (Peru Standard Time)|backend_node|info|Success Sync ORM Sequelize
Fri Aug 27 2021 10:26:31 GMT-0500 (Peru Standard Time)|backend_node|info|Success Authentication ORM sequelize
Fri Aug 27 2021 10:26:31 GMT-0500 (Peru Standard Time)|backend_node|info|Success Sync ORM Sequelize
Fri Aug 27 2021 11:06:56 GMT-0500 (Peru Standard Time)|backend_node|info|Success Authentication ORM sequelize
Fri Aug 27 2021 11:06:56 GMT-0500 (Peru Standard Time)|backend_node|info|Success Sync ORM Sequelize
Fri Aug 27 2021 11:07:29 GMT-0500 (Peru Standard Time)|backend_node|info|Success Authentication ORM sequelize
Fri Aug 27 2021 11:07:29 GMT-0500 (Peru Standard Time)|backend_node|info|Success Sync ORM Sequelize
Fri Aug 27 2021 11:09:25 GMT-0500 (Peru Standard Time)|backend_node|info|Success Authentication ORM sequelize
Fri Aug 27 2021 11:09:25 GMT-0500 (Peru Standard Time)|backend_node|info|Success Sync ORM Sequelize
Fri Aug 27 2021 11:10:32 GMT-0500 (Peru Standard Time)|backend_node|info|Success Authentication ORM sequelize
Fri Aug 27 2021 11:10:32 GMT-0500 (Peru Standard Time)|backend_node|info|Success Sync ORM Sequelize
Fri Aug 27 2021 11:12:31 GMT-0500 (Peru Standard Time)|backend_node|info|Success Authentication ORM sequelize
Fri Aug 27 2021 11:12:31 GMT-0500 (Peru Standard Time)|backend_node|info|Success Sync ORM Sequelize
